{"C:\\Users\\DELL\\Desktop\\SPE_Final\\PaymentService\\src\\server.js": {"path":"C:\\Users\\DELL\\Desktop\\SPE_Final\\PaymentService\\src\\server.js","statementMap":{"0":{"start":{"line":1,"column":16},"end":{"line":1,"column":34}},"1":{"start":{"line":2,"column":15},"end":{"line":2,"column":32}},"2":{"start":{"line":3,"column":13},"end":{"line":3,"column":28}},"3":{"start":{"line":4,"column":20},"end":{"line":4,"column":42}},"4":{"start":{"line":5,"column":18},"end":{"line":5,"column":47}},"5":{"start":{"line":7,"column":15},"end":{"line":7,"column":41}},"6":{"start":{"line":8,"column":22},"end":{"line":8,"column":59}},"7":{"start":{"line":9,"column":21},"end":{"line":9,"column":57}},"8":{"start":{"line":10,"column":30},"end":{"line":10,"column":65}},"9":{"start":{"line":12,"column":23},"end":{"line":12,"column":51}},"10":{"start":{"line":13,"column":21},"end":{"line":13,"column":47}},"11":{"start":{"line":14,"column":22},"end":{"line":14,"column":49}},"12":{"start":{"line":16,"column":12},"end":{"line":16,"column":21}},"13":{"start":{"line":19,"column":0},"end":{"line":19,"column":18}},"14":{"start":{"line":21,"column":0},"end":{"line":28,"column":2}},"15":{"start":{"line":31,"column":0},"end":{"line":31,"column":23}},"16":{"start":{"line":34,"column":16},"end":{"line":39,"column":2}},"17":{"start":{"line":38,"column":17},"end":{"line":38,"column":48}},"18":{"start":{"line":41,"column":23},"end":{"line":45,"column":2}},"19":{"start":{"line":47,"column":0},"end":{"line":47,"column":26}},"20":{"start":{"line":48,"column":0},"end":{"line":48,"column":37}},"21":{"start":{"line":51,"column":0},"end":{"line":51,"column":41}},"22":{"start":{"line":52,"column":0},"end":{"line":52,"column":63}},"23":{"start":{"line":55,"column":0},"end":{"line":55,"column":23}},"24":{"start":{"line":56,"column":0},"end":{"line":56,"column":44}},"25":{"start":{"line":59,"column":0},"end":{"line":59,"column":37}},"26":{"start":{"line":60,"column":0},"end":{"line":60,"column":33}},"27":{"start":{"line":61,"column":0},"end":{"line":61,"column":35}},"28":{"start":{"line":64,"column":0},"end":{"line":74,"column":3}},"29":{"start":{"line":65,"column":2},"end":{"line":68,"column":5}},"30":{"start":{"line":70,"column":2},"end":{"line":73,"column":5}},"31":{"start":{"line":77,"column":0},"end":{"line":77,"column":22}},"32":{"start":{"line":79,"column":0},"end":{"line":79,"column":21}}},"fnMap":{"0":{"name":"(anonymous_0)","decl":{"start":{"line":38,"column":8},"end":{"line":38,"column":9}},"loc":{"start":{"line":38,"column":17},"end":{"line":38,"column":48}},"line":38},"1":{"name":"(anonymous_1)","decl":{"start":{"line":64,"column":8},"end":{"line":64,"column":9}},"loc":{"start":{"line":64,"column":22},"end":{"line":74,"column":1}},"line":64}},"branchMap":{"0":{"loc":{"start":{"line":23,"column":12},"end":{"line":23,"column":54}},"type":"binary-expr","locations":[{"start":{"line":23,"column":12},"end":{"line":23,"column":47}},{"start":{"line":23,"column":51},"end":{"line":23,"column":54}}],"line":23},"1":{"loc":{"start":{"line":35,"column":12},"end":{"line":35,"column":64}},"type":"binary-expr","locations":[{"start":{"line":35,"column":12},"end":{"line":35,"column":54}},{"start":{"line":35,"column":58},"end":{"line":35,"column":64}}],"line":35},"2":{"loc":{"start":{"line":36,"column":7},"end":{"line":36,"column":59}},"type":"binary-expr","locations":[{"start":{"line":36,"column":7},"end":{"line":36,"column":52}},{"start":{"line":36,"column":56},"end":{"line":36,"column":59}}],"line":36},"3":{"loc":{"start":{"line":43,"column":7},"end":{"line":43,"column":62}},"type":"binary-expr","locations":[{"start":{"line":43,"column":7},"end":{"line":43,"column":56}},{"start":{"line":43,"column":60},"end":{"line":43,"column":62}}],"line":43}},"s":{"0":1,"1":1,"2":1,"3":1,"4":1,"5":1,"6":1,"7":1,"8":1,"9":1,"10":1,"11":1,"12":1,"13":1,"14":1,"15":1,"16":1,"17":0,"18":1,"19":1,"20":1,"21":1,"22":1,"23":1,"24":1,"25":1,"26":1,"27":1,"28":1,"29":1,"30":1,"31":1,"32":1},"f":{"0":0,"1":1},"b":{"0":[1,1],"1":[1,1],"2":[1,1],"3":[1,1]},"_coverageSchema":"1a1c01bbd47fc00a2c39e90264f33305004495a9","hash":"9b0208f232a6c9f795fd93b9dea5f7bcae6b8adb"}
,"C:\\Users\\DELL\\Desktop\\SPE_Final\\PaymentService\\src\\config\\constants.js": {"path":"C:\\Users\\DELL\\Desktop\\SPE_Final\\PaymentService\\src\\config\\constants.js","statementMap":{"0":{"start":{"line":1,"column":23},"end":{"line":10,"column":1}},"1":{"start":{"line":12,"column":22},"end":{"line":17,"column":1}},"2":{"start":{"line":19,"column":24},"end":{"line":19,"column":70}},"3":{"start":{"line":21,"column":0},"end":{"line":25,"column":2}}},"fnMap":{},"branchMap":{},"s":{"0":1,"1":1,"2":1,"3":1},"f":{},"b":{},"_coverageSchema":"1a1c01bbd47fc00a2c39e90264f33305004495a9","hash":"30b41605bddf4814f6aa4342387f7c1ab9795a40"}
,"C:\\Users\\DELL\\Desktop\\SPE_Final\\PaymentService\\src\\controllers\\paymentController.js": {"path":"C:\\Users\\DELL\\Desktop\\SPE_Final\\PaymentService\\src\\controllers\\paymentController.js","statementMap":{"0":{"start":{"line":1,"column":21},"end":{"line":1,"column":49}},"1":{"start":{"line":2,"column":23},"end":{"line":2,"column":60}},"2":{"start":{"line":3,"column":21},"end":{"line":3,"column":56}},"3":{"start":{"line":4,"column":30},"end":{"line":4,"column":67}},"4":{"start":{"line":5,"column":15},"end":{"line":5,"column":42}},"5":{"start":{"line":6,"column":27},"end":{"line":6,"column":57}},"6":{"start":{"line":10,"column":4},"end":{"line":72,"column":5}},"7":{"start":{"line":11,"column":43},"end":{"line":11,"column":47}},"8":{"start":{"line":13,"column":6},"end":{"line":15,"column":7}},"9":{"start":{"line":14,"column":8},"end":{"line":14,"column":51}},"10":{"start":{"line":17,"column":6},"end":{"line":19,"column":7}},"11":{"start":{"line":18,"column":8},"end":{"line":18,"column":42}},"12":{"start":{"line":22,"column":25},"end":{"line":27,"column":8}},"13":{"start":{"line":29,"column":6},"end":{"line":50,"column":7}},"14":{"start":{"line":30,"column":8},"end":{"line":34,"column":11}},"15":{"start":{"line":36,"column":24},"end":{"line":43,"column":10}},"16":{"start":{"line":45,"column":8},"end":{"line":49,"column":10}},"17":{"start":{"line":53,"column":22},"end":{"line":59,"column":8}},"18":{"start":{"line":61,"column":6},"end":{"line":66,"column":9}},"19":{"start":{"line":68,"column":6},"end":{"line":68,"column":46}},"20":{"start":{"line":70,"column":6},"end":{"line":70,"column":73}},"21":{"start":{"line":71,"column":6},"end":{"line":71,"column":18}},"22":{"start":{"line":76,"column":4},"end":{"line":89,"column":5}},"23":{"start":{"line":77,"column":22},"end":{"line":77,"column":69}},"24":{"start":{"line":78,"column":6},"end":{"line":78,"column":32}},"25":{"start":{"line":78,"column":20},"end":{"line":78,"column":32}},"26":{"start":{"line":81,"column":6},"end":{"line":83,"column":7}},"27":{"start":{"line":82,"column":8},"end":{"line":82,"column":40}},"28":{"start":{"line":85,"column":6},"end":{"line":85,"column":46}},"29":{"start":{"line":87,"column":6},"end":{"line":87,"column":71}},"30":{"start":{"line":88,"column":6},"end":{"line":88,"column":18}},"31":{"start":{"line":93,"column":4},"end":{"line":112,"column":5}},"32":{"start":{"line":94,"column":22},"end":{"line":94,"column":69}},"33":{"start":{"line":95,"column":6},"end":{"line":95,"column":57}},"34":{"start":{"line":95,"column":20},"end":{"line":95,"column":57}},"35":{"start":{"line":97,"column":6},"end":{"line":99,"column":7}},"36":{"start":{"line":98,"column":8},"end":{"line":98,"column":44}},"37":{"start":{"line":101,"column":23},"end":{"line":104,"column":8}},"38":{"start":{"line":106,"column":6},"end":{"line":106,"column":61}},"39":{"start":{"line":108,"column":6},"end":{"line":108,"column":47}},"40":{"start":{"line":110,"column":6},"end":{"line":110,"column":72}},"41":{"start":{"line":111,"column":6},"end":{"line":111,"column":18}},"42":{"start":{"line":116,"column":4},"end":{"line":129,"column":5}},"43":{"start":{"line":117,"column":21},"end":{"line":121,"column":8}},"44":{"start":{"line":123,"column":6},"end":{"line":123,"column":45}},"45":{"start":{"line":125,"column":6},"end":{"line":127,"column":9}},"46":{"start":{"line":128,"column":6},"end":{"line":128,"column":18}},"47":{"start":{"line":133,"column":0},"end":{"line":133,"column":41}}},"fnMap":{"0":{"name":"(anonymous_0)","decl":{"start":{"line":9,"column":2},"end":{"line":9,"column":3}},"loc":{"start":{"line":9,"column":51},"end":{"line":73,"column":3}},"line":9},"1":{"name":"(anonymous_1)","decl":{"start":{"line":75,"column":2},"end":{"line":75,"column":3}},"loc":{"start":{"line":75,"column":42},"end":{"line":90,"column":3}},"line":75},"2":{"name":"(anonymous_2)","decl":{"start":{"line":92,"column":2},"end":{"line":92,"column":3}},"loc":{"start":{"line":92,"column":41},"end":{"line":113,"column":3}},"line":92},"3":{"name":"(anonymous_3)","decl":{"start":{"line":115,"column":2},"end":{"line":115,"column":3}},"loc":{"start":{"line":115,"column":39},"end":{"line":130,"column":3}},"line":115}},"branchMap":{"0":{"loc":{"start":{"line":13,"column":6},"end":{"line":15,"column":7}},"type":"if","locations":[{"start":{"line":13,"column":6},"end":{"line":15,"column":7}},{"start":{},"end":{}}],"line":13},"1":{"loc":{"start":{"line":13,"column":10},"end":{"line":13,"column":41}},"type":"binary-expr","locations":[{"start":{"line":13,"column":10},"end":{"line":13,"column":19}},{"start":{"line":13,"column":23},"end":{"line":13,"column":30}},{"start":{"line":13,"column":34},"end":{"line":13,"column":41}}],"line":13},"2":{"loc":{"start":{"line":17,"column":6},"end":{"line":19,"column":7}},"type":"if","locations":[{"start":{"line":17,"column":6},"end":{"line":19,"column":7}},{"start":{},"end":{}}],"line":17},"3":{"loc":{"start":{"line":29,"column":6},"end":{"line":50,"column":7}},"type":"if","locations":[{"start":{"line":29,"column":6},"end":{"line":50,"column":7}},{"start":{},"end":{}}],"line":29},"4":{"loc":{"start":{"line":78,"column":6},"end":{"line":78,"column":32}},"type":"if","locations":[{"start":{"line":78,"column":6},"end":{"line":78,"column":32}},{"start":{},"end":{}}],"line":78},"5":{"loc":{"start":{"line":81,"column":6},"end":{"line":83,"column":7}},"type":"if","locations":[{"start":{"line":81,"column":6},"end":{"line":83,"column":7}},{"start":{},"end":{}}],"line":81},"6":{"loc":{"start":{"line":81,"column":10},"end":{"line":81,"column":62}},"type":"binary-expr","locations":[{"start":{"line":81,"column":10},"end":{"line":81,"column":31}},{"start":{"line":81,"column":35},"end":{"line":81,"column":62}}],"line":81},"7":{"loc":{"start":{"line":95,"column":6},"end":{"line":95,"column":57}},"type":"if","locations":[{"start":{"line":95,"column":6},"end":{"line":95,"column":57}},{"start":{},"end":{}}],"line":95},"8":{"loc":{"start":{"line":97,"column":6},"end":{"line":99,"column":7}},"type":"if","locations":[{"start":{"line":97,"column":6},"end":{"line":99,"column":7}},{"start":{},"end":{}}],"line":97},"9":{"loc":{"start":{"line":120,"column":15},"end":{"line":120,"column":43}},"type":"binary-expr","locations":[{"start":{"line":120,"column":15},"end":{"line":120,"column":36}},{"start":{"line":120,"column":40},"end":{"line":120,"column":43}}],"line":120}},"s":{"0":1,"1":1,"2":1,"3":1,"4":1,"5":1,"6":0,"7":0,"8":0,"9":0,"10":0,"11":0,"12":0,"13":0,"14":0,"15":0,"16":0,"17":0,"18":0,"19":0,"20":0,"21":0,"22":0,"23":0,"24":0,"25":0,"26":0,"27":0,"28":0,"29":0,"30":0,"31":0,"32":0,"33":0,"34":0,"35":0,"36":0,"37":0,"38":0,"39":0,"40":0,"41":0,"42":0,"43":0,"44":0,"45":0,"46":0,"47":1},"f":{"0":0,"1":0,"2":0,"3":0},"b":{"0":[0,0],"1":[0,0,0],"2":[0,0],"3":[0,0],"4":[0,0],"5":[0,0],"6":[0,0],"7":[0,0],"8":[0,0],"9":[0,0]},"_coverageSchema":"1a1c01bbd47fc00a2c39e90264f33305004495a9","hash":"e7d12b23530cf7570d1417d7e6cc9027ebcb95a5"}
,"C:\\Users\\DELL\\Desktop\\SPE_Final\\PaymentService\\src\\middleware\\auth.js": {"path":"C:\\Users\\DELL\\Desktop\\SPE_Final\\PaymentService\\src\\middleware\\auth.js","statementMap":{"0":{"start":{"line":1,"column":12},"end":{"line":1,"column":35}},"1":{"start":{"line":2,"column":15},"end":{"line":2,"column":42}},"2":{"start":{"line":4,"column":20},"end":{"line":28,"column":1}},"3":{"start":{"line":5,"column":2},"end":{"line":27,"column":3}},"4":{"start":{"line":6,"column":23},"end":{"line":6,"column":48}},"5":{"start":{"line":8,"column":4},"end":{"line":11,"column":5}},"6":{"start":{"line":9,"column":6},"end":{"line":9,"column":70}},"7":{"start":{"line":10,"column":6},"end":{"line":10,"column":71}},"8":{"start":{"line":13,"column":18},"end":{"line":13,"column":42}},"9":{"start":{"line":15,"column":4},"end":{"line":17,"column":5}},"10":{"start":{"line":16,"column":6},"end":{"line":16,"column":69}},"11":{"start":{"line":19,"column":20},"end":{"line":19,"column":61}},"12":{"start":{"line":20,"column":4},"end":{"line":21,"column":22}},"13":{"start":{"line":23,"column":4},"end":{"line":23,"column":11}},"14":{"start":{"line":25,"column":4},"end":{"line":25,"column":70}},"15":{"start":{"line":26,"column":4},"end":{"line":26,"column":53}},"16":{"start":{"line":30,"column":20},"end":{"line":37,"column":1}},"17":{"start":{"line":31,"column":2},"end":{"line":34,"column":3}},"18":{"start":{"line":32,"column":4},"end":{"line":32,"column":65}},"19":{"start":{"line":33,"column":4},"end":{"line":33,"column":68}},"20":{"start":{"line":36,"column":2},"end":{"line":36,"column":9}},"21":{"start":{"line":39,"column":0},"end":{"line":42,"column":2}}},"fnMap":{"0":{"name":"(anonymous_0)","decl":{"start":{"line":4,"column":20},"end":{"line":4,"column":21}},"loc":{"start":{"line":4,"column":40},"end":{"line":28,"column":1}},"line":4},"1":{"name":"(anonymous_1)","decl":{"start":{"line":30,"column":20},"end":{"line":30,"column":21}},"loc":{"start":{"line":30,"column":40},"end":{"line":37,"column":1}},"line":30}},"branchMap":{"0":{"loc":{"start":{"line":8,"column":4},"end":{"line":11,"column":5}},"type":"if","locations":[{"start":{"line":8,"column":4},"end":{"line":11,"column":5}},{"start":{},"end":{}}],"line":8},"1":{"loc":{"start":{"line":15,"column":4},"end":{"line":17,"column":5}},"type":"if","locations":[{"start":{"line":15,"column":4},"end":{"line":17,"column":5}},{"start":{},"end":{}}],"line":15},"2":{"loc":{"start":{"line":31,"column":2},"end":{"line":34,"column":3}},"type":"if","locations":[{"start":{"line":31,"column":2},"end":{"line":34,"column":3}},{"start":{},"end":{}}],"line":31},"3":{"loc":{"start":{"line":31,"column":6},"end":{"line":31,"column":44}},"type":"binary-expr","locations":[{"start":{"line":31,"column":6},"end":{"line":31,"column":15}},{"start":{"line":31,"column":19},"end":{"line":31,"column":44}}],"line":31}},"s":{"0":1,"1":1,"2":1,"3":0,"4":0,"5":0,"6":0,"7":0,"8":0,"9":0,"10":0,"11":0,"12":0,"13":0,"14":0,"15":0,"16":1,"17":0,"18":0,"19":0,"20":0,"21":1},"f":{"0":0,"1":0},"b":{"0":[0,0],"1":[0,0],"2":[0,0],"3":[0,0]},"_coverageSchema":"1a1c01bbd47fc00a2c39e90264f33305004495a9","hash":"f03b32ab4be2e8d40580d1532671260d1fc5f9ce"}
,"C:\\Users\\DELL\\Desktop\\SPE_Final\\PaymentService\\src\\middleware\\errorHandler.js": {"path":"C:\\Users\\DELL\\Desktop\\SPE_Final\\PaymentService\\src\\middleware\\errorHandler.js","statementMap":{"0":{"start":{"line":1,"column":14},"end":{"line":1,"column":40}},"1":{"start":{"line":2,"column":15},"end":{"line":2,"column":42}},"2":{"start":{"line":4,"column":30},"end":{"line":53,"column":1}},"3":{"start":{"line":5,"column":2},"end":{"line":7,"column":3}},"4":{"start":{"line":6,"column":4},"end":{"line":6,"column":18}},"5":{"start":{"line":9,"column":25},"end":{"line":9,"column":55}},"6":{"start":{"line":11,"column":2},"end":{"line":15,"column":3}},"7":{"start":{"line":12,"column":4},"end":{"line":14,"column":76}},"8":{"start":{"line":17,"column":2},"end":{"line":52,"column":3}},"9":{"start":{"line":18,"column":21},"end":{"line":18,"column":52}},"10":{"start":{"line":19,"column":27},"end":{"line":19,"column":52}},"11":{"start":{"line":21,"column":4},"end":{"line":27,"column":5}},"12":{"start":{"line":22,"column":6},"end":{"line":25,"column":9}},"13":{"start":{"line":26,"column":6},"end":{"line":26,"column":62}},"14":{"start":{"line":30,"column":25},"end":{"line":30,"column":43}},"15":{"start":{"line":32,"column":4},"end":{"line":44,"column":6}},"16":{"start":{"line":34,"column":18},"end":{"line":34,"column":68}},"17":{"start":{"line":35,"column":6},"end":{"line":41,"column":10}},"18":{"start":{"line":38,"column":10},"end":{"line":40,"column":12}},"19":{"start":{"line":43,"column":6},"end":{"line":43,"column":32}},"20":{"start":{"line":46,"column":4},"end":{"line":46,"column":40}},"21":{"start":{"line":48,"column":4},"end":{"line":48,"column":11}},"22":{"start":{"line":50,"column":4},"end":{"line":50,"column":71}},"23":{"start":{"line":51,"column":4},"end":{"line":51,"column":16}},"24":{"start":{"line":55,"column":0},"end":{"line":55,"column":39}}},"fnMap":{"0":{"name":"(anonymous_0)","decl":{"start":{"line":4,"column":30},"end":{"line":4,"column":31}},"loc":{"start":{"line":4,"column":56},"end":{"line":53,"column":1}},"line":4},"1":{"name":"(anonymous_1)","decl":{"start":{"line":32,"column":15},"end":{"line":32,"column":16}},"loc":{"start":{"line":32,"column":31},"end":{"line":44,"column":5}},"line":32},"2":{"name":"(anonymous_2)","decl":{"start":{"line":37,"column":15},"end":{"line":37,"column":16}},"loc":{"start":{"line":38,"column":10},"end":{"line":40,"column":12}},"line":38}},"branchMap":{"0":{"loc":{"start":{"line":5,"column":2},"end":{"line":7,"column":3}},"type":"if","locations":[{"start":{"line":5,"column":2},"end":{"line":7,"column":3}},{"start":{},"end":{}}],"line":5},"1":{"loc":{"start":{"line":11,"column":2},"end":{"line":15,"column":3}},"type":"if","locations":[{"start":{"line":11,"column":2},"end":{"line":15,"column":3}},{"start":{},"end":{}}],"line":11},"2":{"loc":{"start":{"line":21,"column":4},"end":{"line":27,"column":5}},"type":"if","locations":[{"start":{"line":21,"column":4},"end":{"line":27,"column":5}},{"start":{},"end":{}}],"line":21},"3":{"loc":{"start":{"line":34,"column":18},"end":{"line":34,"column":68}},"type":"binary-expr","locations":[{"start":{"line":34,"column":18},"end":{"line":34,"column":59}},{"start":{"line":34,"column":63},"end":{"line":34,"column":68}}],"line":34}},"s":{"0":1,"1":1,"2":1,"3":0,"4":0,"5":0,"6":0,"7":0,"8":0,"9":0,"10":0,"11":0,"12":0,"13":0,"14":0,"15":0,"16":0,"17":0,"18":0,"19":0,"20":0,"21":0,"22":0,"23":0,"24":1},"f":{"0":0,"1":0,"2":0},"b":{"0":[0,0],"1":[0,0],"2":[0,0],"3":[0,0]},"_coverageSchema":"1a1c01bbd47fc00a2c39e90264f33305004495a9","hash":"e5f7652643acd66c062ae68fb39102458531bcac"}
,"C:\\Users\\DELL\\Desktop\\SPE_Final\\PaymentService\\src\\middleware\\idempotency.js": {"path":"C:\\Users\\DELL\\Desktop\\SPE_Final\\PaymentService\\src\\middleware\\idempotency.js","statementMap":{"0":{"start":{"line":1,"column":15},"end":{"line":1,"column":42}},"1":{"start":{"line":3,"column":21},"end":{"line":26,"column":1}},"2":{"start":{"line":4,"column":17},"end":{"line":4,"column":52}},"3":{"start":{"line":5,"column":18},"end":{"line":5,"column":56}},"4":{"start":{"line":7,"column":2},"end":{"line":15,"column":5}},"5":{"start":{"line":18,"column":24},"end":{"line":18,"column":74}},"6":{"start":{"line":20,"column":2},"end":{"line":25,"column":5}},"7":{"start":{"line":28,"column":0},"end":{"line":28,"column":30}}},"fnMap":{"0":{"name":"(anonymous_0)","decl":{"start":{"line":3,"column":21},"end":{"line":3,"column":22}},"loc":{"start":{"line":3,"column":46},"end":{"line":26,"column":1}},"line":3}},"branchMap":{"0":{"loc":{"start":{"line":4,"column":17},"end":{"line":4,"column":52}},"type":"binary-expr","locations":[{"start":{"line":4,"column":17},"end":{"line":4,"column":27}},{"start":{"line":4,"column":31},"end":{"line":4,"column":45}},{"start":{"line":4,"column":49},"end":{"line":4,"column":52}}],"line":4},"1":{"loc":{"start":{"line":5,"column":18},"end":{"line":5,"column":56}},"type":"binary-expr","locations":[{"start":{"line":5,"column":18},"end":{"line":5,"column":29}},{"start":{"line":5,"column":33},"end":{"line":5,"column":56}}],"line":5},"2":{"loc":{"start":{"line":14,"column":11},"end":{"line":14,"column":73}},"type":"cond-expr","locations":[{"start":{"line":14,"column":52},"end":{"line":14,"column":61}},{"start":{"line":14,"column":64},"end":{"line":14,"column":73}}],"line":14},"3":{"loc":{"start":{"line":18,"column":24},"end":{"line":18,"column":74}},"type":"cond-expr","locations":[{"start":{"line":18,"column":41},"end":{"line":18,"column":64}},{"start":{"line":18,"column":67},"end":{"line":18,"column":74}}],"line":18}},"s":{"0":1,"1":1,"2":0,"3":0,"4":0,"5":0,"6":0,"7":1},"f":{"0":0},"b":{"0":[0,0,0],"1":[0,0],"2":[0,0],"3":[0,0]},"_coverageSchema":"1a1c01bbd47fc00a2c39e90264f33305004495a9","hash":"897432118fc07d1d3489072e80699b4ab61d0c1d"}
,"C:\\Users\\DELL\\Desktop\\SPE_Final\\PaymentService\\src\\middleware\\requestLogger.js": {"path":"C:\\Users\\DELL\\Desktop\\SPE_Final\\PaymentService\\src\\middleware\\requestLogger.js","statementMap":{"0":{"start":{"line":1,"column":23},"end":{"line":1,"column":38}},"1":{"start":{"line":2,"column":15},"end":{"line":2,"column":42}},"2":{"start":{"line":4,"column":22},"end":{"line":22,"column":1}},"3":{"start":{"line":5,"column":2},"end":{"line":5,"column":20}},"4":{"start":{"line":6,"column":20},"end":{"line":6,"column":30}},"5":{"start":{"line":8,"column":2},"end":{"line":19,"column":5}},"6":{"start":{"line":9,"column":21},"end":{"line":9,"column":43}},"7":{"start":{"line":10,"column":4},"end":{"line":18,"column":7}},"8":{"start":{"line":21,"column":2},"end":{"line":21,"column":9}},"9":{"start":{"line":24,"column":0},"end":{"line":24,"column":31}}},"fnMap":{"0":{"name":"(anonymous_0)","decl":{"start":{"line":4,"column":22},"end":{"line":4,"column":23}},"loc":{"start":{"line":4,"column":42},"end":{"line":22,"column":1}},"line":4},"1":{"name":"(anonymous_1)","decl":{"start":{"line":8,"column":19},"end":{"line":8,"column":20}},"loc":{"start":{"line":8,"column":25},"end":{"line":19,"column":3}},"line":8}},"branchMap":{},"s":{"0":1,"1":1,"2":1,"3":1,"4":1,"5":1,"6":1,"7":1,"8":1,"9":1},"f":{"0":1,"1":1},"b":{},"_coverageSchema":"1a1c01bbd47fc00a2c39e90264f33305004495a9","hash":"83e7a6eebe8d61dadfddf2c5b6bfd45c1b32e894"}
,"C:\\Users\\DELL\\Desktop\\SPE_Final\\PaymentService\\src\\models\\payment.js": {"path":"C:\\Users\\DELL\\Desktop\\SPE_Final\\PaymentService\\src\\models\\payment.js","statementMap":{"0":{"start":{"line":1,"column":13},"end":{"line":1,"column":42}},"1":{"start":{"line":2,"column":15},"end":{"line":2,"column":42}},"2":{"start":{"line":6,"column":18},"end":{"line":10,"column":5}},"3":{"start":{"line":12,"column":4},"end":{"line":18,"column":5}},"4":{"start":{"line":13,"column":21},"end":{"line":13,"column":50}},"5":{"start":{"line":14,"column":6},"end":{"line":14,"column":36}},"6":{"start":{"line":16,"column":6},"end":{"line":16,"column":83}},"7":{"start":{"line":17,"column":6},"end":{"line":17,"column":18}},"8":{"start":{"line":22,"column":72},"end":{"line":22,"column":76}},"9":{"start":{"line":24,"column":18},"end":{"line":28,"column":5}},"10":{"start":{"line":30,"column":4},"end":{"line":43,"column":5}},"11":{"start":{"line":31,"column":21},"end":{"line":38,"column":8}},"12":{"start":{"line":39,"column":6},"end":{"line":39,"column":28}},"13":{"start":{"line":41,"column":6},"end":{"line":41,"column":67}},"14":{"start":{"line":42,"column":6},"end":{"line":42,"column":18}},"15":{"start":{"line":47,"column":38},"end":{"line":47,"column":42}},"16":{"start":{"line":49,"column":18},"end":{"line":57,"column":5}},"17":{"start":{"line":59,"column":4},"end":{"line":65,"column":5}},"18":{"start":{"line":60,"column":21},"end":{"line":60,"column":73}},"19":{"start":{"line":61,"column":6},"end":{"line":61,"column":36}},"20":{"start":{"line":63,"column":6},"end":{"line":63,"column":82}},"21":{"start":{"line":64,"column":6},"end":{"line":64,"column":18}},"22":{"start":{"line":69,"column":0},"end":{"line":69,"column":36}}},"fnMap":{"0":{"name":"(anonymous_0)","decl":{"start":{"line":5,"column":2},"end":{"line":5,"column":3}},"loc":{"start":{"line":5,"column":20},"end":{"line":19,"column":3}},"line":5},"1":{"name":"(anonymous_1)","decl":{"start":{"line":21,"column":2},"end":{"line":21,"column":3}},"loc":{"start":{"line":21,"column":21},"end":{"line":44,"column":3}},"line":21},"2":{"name":"(anonymous_2)","decl":{"start":{"line":46,"column":2},"end":{"line":46,"column":3}},"loc":{"start":{"line":46,"column":25},"end":{"line":66,"column":3}},"line":46}},"branchMap":{"0":{"loc":{"start":{"line":14,"column":13},"end":{"line":14,"column":35}},"type":"binary-expr","locations":[{"start":{"line":14,"column":13},"end":{"line":14,"column":27}},{"start":{"line":14,"column":31},"end":{"line":14,"column":35}}],"line":14},"1":{"loc":{"start":{"line":61,"column":13},"end":{"line":61,"column":35}},"type":"binary-expr","locations":[{"start":{"line":61,"column":13},"end":{"line":61,"column":27}},{"start":{"line":61,"column":31},"end":{"line":61,"column":35}}],"line":61}},"s":{"0":1,"1":1,"2":0,"3":0,"4":0,"5":0,"6":0,"7":0,"8":0,"9":0,"10":0,"11":0,"12":0,"13":0,"14":0,"15":0,"16":0,"17":0,"18":0,"19":0,"20":0,"21":0,"22":1},"f":{"0":0,"1":0,"2":0},"b":{"0":[0,0],"1":[0,0]},"_coverageSchema":"1a1c01bbd47fc00a2c39e90264f33305004495a9","hash":"100f74456b0a2cd6fcee1dfbd1206448e2214684"}
,"C:\\Users\\DELL\\Desktop\\SPE_Final\\PaymentService\\src\\routes\\health.js": {"path":"C:\\Users\\DELL\\Desktop\\SPE_Final\\PaymentService\\src\\routes\\health.js","statementMap":{"0":{"start":{"line":1,"column":16},"end":{"line":1,"column":34}},"1":{"start":{"line":2,"column":15},"end":{"line":2,"column":31}},"2":{"start":{"line":4,"column":13},"end":{"line":4,"column":42}},"3":{"start":{"line":5,"column":14},"end":{"line":5,"column":40}},"4":{"start":{"line":6,"column":15},"end":{"line":6,"column":42}},"5":{"start":{"line":8,"column":0},"end":{"line":32,"column":3}},"6":{"start":{"line":9,"column":2},"end":{"line":31,"column":3}},"7":{"start":{"line":10,"column":21},"end":{"line":10,"column":53}},"8":{"start":{"line":11,"column":23},"end":{"line":11,"column":41}},"9":{"start":{"line":12,"column":19},"end":{"line":12,"column":35}},"10":{"start":{"line":14,"column":4},"end":{"line":24,"column":7}},"11":{"start":{"line":26,"column":4},"end":{"line":26,"column":66}},"12":{"start":{"line":27,"column":4},"end":{"line":30,"column":7}},"13":{"start":{"line":34,"column":0},"end":{"line":34,"column":24}}},"fnMap":{"0":{"name":"(anonymous_0)","decl":{"start":{"line":8,"column":16},"end":{"line":8,"column":17}},"loc":{"start":{"line":8,"column":36},"end":{"line":32,"column":1}},"line":8}},"branchMap":{"0":{"loc":{"start":{"line":20,"column":18},"end":{"line":20,"column":44}},"type":"cond-expr","locations":[{"start":{"line":20,"column":29},"end":{"line":20,"column":35}},{"start":{"line":20,"column":38},"end":{"line":20,"column":44}}],"line":20},"1":{"loc":{"start":{"line":21,"column":15},"end":{"line":21,"column":54}},"type":"cond-expr","locations":[{"start":{"line":21,"column":39},"end":{"line":21,"column":45}},{"start":{"line":21,"column":48},"end":{"line":21,"column":54}}],"line":21}},"s":{"0":1,"1":1,"2":1,"3":1,"4":1,"5":1,"6":0,"7":0,"8":0,"9":0,"10":0,"11":0,"12":0,"13":1},"f":{"0":0},"b":{"0":[0,0],"1":[0,0]},"_coverageSchema":"1a1c01bbd47fc00a2c39e90264f33305004495a9","hash":"80b9a1bdb0b76036859bbe9647c5876bfd38c671"}
,"C:\\Users\\DELL\\Desktop\\SPE_Final\\PaymentService\\src\\routes\\metrics.js": {"path":"C:\\Users\\DELL\\Desktop\\SPE_Final\\PaymentService\\src\\routes\\metrics.js","statementMap":{"0":{"start":{"line":1,"column":16},"end":{"line":1,"column":34}},"1":{"start":{"line":2,"column":15},"end":{"line":2,"column":31}},"2":{"start":{"line":4,"column":19},"end":{"line":4,"column":20}},"3":{"start":{"line":5,"column":21},"end":{"line":5,"column":22}},"4":{"start":{"line":6,"column":20},"end":{"line":6,"column":21}},"5":{"start":{"line":7,"column":20},"end":{"line":7,"column":21}},"6":{"start":{"line":9,"column":0},"end":{"line":14,"column":2}},"7":{"start":{"line":10,"column":2},"end":{"line":10,"column":17}},"8":{"start":{"line":11,"column":2},"end":{"line":11,"column":43}},"9":{"start":{"line":11,"column":26},"end":{"line":11,"column":43}},"10":{"start":{"line":12,"column":2},"end":{"line":12,"column":41}},"11":{"start":{"line":12,"column":25},"end":{"line":12,"column":41}},"12":{"start":{"line":13,"column":2},"end":{"line":13,"column":40}},"13":{"start":{"line":13,"column":24},"end":{"line":13,"column":40}},"14":{"start":{"line":16,"column":0},"end":{"line":48,"column":3}},"15":{"start":{"line":17,"column":17},"end":{"line":17,"column":33}},"16":{"start":{"line":18,"column":19},"end":{"line":18,"column":40}},"17":{"start":{"line":20,"column":18},"end":{"line":44,"column":1}},"18":{"start":{"line":46,"column":2},"end":{"line":46,"column":40}},"19":{"start":{"line":47,"column":2},"end":{"line":47,"column":20}},"20":{"start":{"line":50,"column":0},"end":{"line":50,"column":24}}},"fnMap":{"0":{"name":"(anonymous_0)","decl":{"start":{"line":9,"column":28},"end":{"line":9,"column":29}},"loc":{"start":{"line":9,"column":50},"end":{"line":14,"column":1}},"line":9},"1":{"name":"(anonymous_1)","decl":{"start":{"line":16,"column":16},"end":{"line":16,"column":17}},"loc":{"start":{"line":16,"column":30},"end":{"line":48,"column":1}},"line":16}},"branchMap":{"0":{"loc":{"start":{"line":9,"column":29},"end":{"line":9,"column":45}},"type":"default-arg","locations":[{"start":{"line":9,"column":36},"end":{"line":9,"column":45}}],"line":9},"1":{"loc":{"start":{"line":11,"column":2},"end":{"line":11,"column":43}},"type":"if","locations":[{"start":{"line":11,"column":2},"end":{"line":11,"column":43}},{"start":{},"end":{}}],"line":11},"2":{"loc":{"start":{"line":12,"column":2},"end":{"line":12,"column":41}},"type":"if","locations":[{"start":{"line":12,"column":2},"end":{"line":12,"column":41}},{"start":{},"end":{}}],"line":12},"3":{"loc":{"start":{"line":13,"column":2},"end":{"line":13,"column":40}},"type":"if","locations":[{"start":{"line":13,"column":2},"end":{"line":13,"column":40}},{"start":{},"end":{}}],"line":13}},"s":{"0":1,"1":1,"2":1,"3":1,"4":1,"5":1,"6":1,"7":0,"8":0,"9":0,"10":0,"11":0,"12":0,"13":0,"14":1,"15":0,"16":0,"17":0,"18":0,"19":0,"20":1},"f":{"0":0,"1":0},"b":{"0":[0],"1":[0,0],"2":[0,0],"3":[0,0]},"_coverageSchema":"1a1c01bbd47fc00a2c39e90264f33305004495a9","hash":"cf5baf0bb3c38d8b45c05456c66fa64923c21a47"}
,"C:\\Users\\DELL\\Desktop\\SPE_Final\\PaymentService\\src\\routes\\payments.js": {"path":"C:\\Users\\DELL\\Desktop\\SPE_Final\\PaymentService\\src\\routes\\payments.js","statementMap":{"0":{"start":{"line":1,"column":16},"end":{"line":1,"column":34}},"1":{"start":{"line":2,"column":15},"end":{"line":2,"column":31}},"2":{"start":{"line":4,"column":26},"end":{"line":4,"column":69}},"3":{"start":{"line":5,"column":37},"end":{"line":5,"column":66}},"4":{"start":{"line":6,"column":15},"end":{"line":6,"column":42}},"5":{"start":{"line":9,"column":0},"end":{"line":20,"column":3}},"6":{"start":{"line":10,"column":2},"end":{"line":19,"column":3}},"7":{"start":{"line":11,"column":19},"end":{"line":15,"column":5}},"8":{"start":{"line":16,"column":4},"end":{"line":16,"column":33}},"9":{"start":{"line":18,"column":4},"end":{"line":18,"column":16}},"10":{"start":{"line":23,"column":0},"end":{"line":36,"column":3}},"11":{"start":{"line":24,"column":2},"end":{"line":35,"column":3}},"12":{"start":{"line":25,"column":19},"end":{"line":28,"column":5}},"13":{"start":{"line":29,"column":4},"end":{"line":31,"column":5}},"14":{"start":{"line":30,"column":6},"end":{"line":30,"column":66}},"15":{"start":{"line":32,"column":4},"end":{"line":32,"column":21}},"16":{"start":{"line":34,"column":4},"end":{"line":34,"column":16}},"17":{"start":{"line":39,"column":0},"end":{"line":49,"column":3}},"18":{"start":{"line":40,"column":2},"end":{"line":48,"column":3}},"19":{"start":{"line":41,"column":19},"end":{"line":44,"column":5}},"20":{"start":{"line":45,"column":4},"end":{"line":45,"column":21}},"21":{"start":{"line":47,"column":4},"end":{"line":47,"column":16}},"22":{"start":{"line":52,"column":0},"end":{"line":64,"column":2}},"23":{"start":{"line":57,"column":4},"end":{"line":62,"column":5}},"24":{"start":{"line":58,"column":21},"end":{"line":58,"column":79}},"25":{"start":{"line":59,"column":6},"end":{"line":59,"column":23}},"26":{"start":{"line":61,"column":6},"end":{"line":61,"column":18}},"27":{"start":{"line":66,"column":0},"end":{"line":66,"column":24}}},"fnMap":{"0":{"name":"(anonymous_0)","decl":{"start":{"line":9,"column":30},"end":{"line":9,"column":31}},"loc":{"start":{"line":9,"column":56},"end":{"line":20,"column":1}},"line":9},"1":{"name":"(anonymous_1)","decl":{"start":{"line":23,"column":32},"end":{"line":23,"column":33}},"loc":{"start":{"line":23,"column":58},"end":{"line":36,"column":1}},"line":23},"2":{"name":"(anonymous_2)","decl":{"start":{"line":39,"column":53},"end":{"line":39,"column":54}},"loc":{"start":{"line":39,"column":79},"end":{"line":49,"column":1}},"line":39},"3":{"name":"(anonymous_3)","decl":{"start":{"line":56,"column":2},"end":{"line":56,"column":3}},"loc":{"start":{"line":56,"column":28},"end":{"line":63,"column":3}},"line":56}},"branchMap":{"0":{"loc":{"start":{"line":29,"column":4},"end":{"line":31,"column":5}},"type":"if","locations":[{"start":{"line":29,"column":4},"end":{"line":31,"column":5}},{"start":{},"end":{}}],"line":29}},"s":{"0":1,"1":1,"2":1,"3":1,"4":1,"5":1,"6":0,"7":0,"8":0,"9":0,"10":1,"11":0,"12":0,"13":0,"14":0,"15":0,"16":0,"17":1,"18":0,"19":0,"20":0,"21":0,"22":1,"23":0,"24":0,"25":0,"26":0,"27":1},"f":{"0":0,"1":0,"2":0,"3":0},"b":{"0":[0,0]},"_coverageSchema":"1a1c01bbd47fc00a2c39e90264f33305004495a9","hash":"cbf8bcf468cd1b424817243bcedd4a0faaa84cb8"}
,"C:\\Users\\DELL\\Desktop\\SPE_Final\\PaymentService\\src\\services\\fraudService.js": {"path":"C:\\Users\\DELL\\Desktop\\SPE_Final\\PaymentService\\src\\services\\fraudService.js","statementMap":{"0":{"start":{"line":1,"column":13},"end":{"line":1,"column":42}},"1":{"start":{"line":2,"column":15},"end":{"line":2,"column":42}},"2":{"start":{"line":3,"column":26},"end":{"line":3,"column":56}},"3":{"start":{"line":7,"column":4},"end":{"line":54,"column":5}},"4":{"start":{"line":8,"column":53},"end":{"line":8,"column":64}},"5":{"start":{"line":11,"column":24},"end":{"line":11,"column":82}},"6":{"start":{"line":12,"column":6},"end":{"line":14,"column":7}},"7":{"start":{"line":13,"column":8},"end":{"line":13,"column":73}},"8":{"start":{"line":17,"column":26},"end":{"line":24,"column":7}},"9":{"start":{"line":26,"column":26},"end":{"line":26,"column":76}},"10":{"start":{"line":27,"column":25},"end":{"line":27,"column":66}},"11":{"start":{"line":28,"column":23},"end":{"line":28,"column":76}},"12":{"start":{"line":29,"column":25},"end":{"line":29,"column":81}},"13":{"start":{"line":31,"column":6},"end":{"line":33,"column":7}},"14":{"start":{"line":32,"column":8},"end":{"line":32,"column":73}},"15":{"start":{"line":36,"column":29},"end":{"line":36,"column":92}},"16":{"start":{"line":37,"column":29},"end":{"line":43,"column":7}},"17":{"start":{"line":45,"column":26},"end":{"line":45,"column":70}},"18":{"start":{"line":46,"column":6},"end":{"line":48,"column":7}},"19":{"start":{"line":47,"column":8},"end":{"line":47,"column":75}},"20":{"start":{"line":50,"column":6},"end":{"line":50,"column":37}},"21":{"start":{"line":52,"column":6},"end":{"line":52,"column":69}},"22":{"start":{"line":53,"column":6},"end":{"line":53,"column":37}},"23":{"start":{"line":58,"column":0},"end":{"line":58,"column":36}}},"fnMap":{"0":{"name":"(anonymous_0)","decl":{"start":{"line":6,"column":2},"end":{"line":6,"column":3}},"loc":{"start":{"line":6,"column":40},"end":{"line":55,"column":3}},"line":6}},"branchMap":{"0":{"loc":{"start":{"line":11,"column":24},"end":{"line":11,"column":82}},"type":"binary-expr","locations":[{"start":{"line":11,"column":24},"end":{"line":11,"column":74}},{"start":{"line":11,"column":78},"end":{"line":11,"column":82}}],"line":11},"1":{"loc":{"start":{"line":12,"column":6},"end":{"line":14,"column":7}},"type":"if","locations":[{"start":{"line":12,"column":6},"end":{"line":14,"column":7}},{"start":{},"end":{}}],"line":12},"2":{"loc":{"start":{"line":26,"column":37},"end":{"line":26,"column":75}},"type":"binary-expr","locations":[{"start":{"line":26,"column":37},"end":{"line":26,"column":70}},{"start":{"line":26,"column":74},"end":{"line":26,"column":75}}],"line":26},"3":{"loc":{"start":{"line":27,"column":34},"end":{"line":27,"column":65}},"type":"binary-expr","locations":[{"start":{"line":27,"column":34},"end":{"line":27,"column":60}},{"start":{"line":27,"column":64},"end":{"line":27,"column":65}}],"line":27},"4":{"loc":{"start":{"line":28,"column":23},"end":{"line":28,"column":76}},"type":"binary-expr","locations":[{"start":{"line":28,"column":23},"end":{"line":28,"column":67}},{"start":{"line":28,"column":71},"end":{"line":28,"column":76}}],"line":28},"5":{"loc":{"start":{"line":29,"column":25},"end":{"line":29,"column":81}},"type":"binary-expr","locations":[{"start":{"line":29,"column":25},"end":{"line":29,"column":75}},{"start":{"line":29,"column":79},"end":{"line":29,"column":81}}],"line":29},"6":{"loc":{"start":{"line":31,"column":6},"end":{"line":33,"column":7}},"type":"if","locations":[{"start":{"line":31,"column":6},"end":{"line":33,"column":7}},{"start":{},"end":{}}],"line":31},"7":{"loc":{"start":{"line":36,"column":29},"end":{"line":36,"column":92}},"type":"binary-expr","locations":[{"start":{"line":36,"column":29},"end":{"line":36,"column":86}},{"start":{"line":36,"column":90},"end":{"line":36,"column":92}}],"line":36},"8":{"loc":{"start":{"line":45,"column":35},"end":{"line":45,"column":69}},"type":"binary-expr","locations":[{"start":{"line":45,"column":35},"end":{"line":45,"column":64}},{"start":{"line":45,"column":68},"end":{"line":45,"column":69}}],"line":45},"9":{"loc":{"start":{"line":46,"column":6},"end":{"line":48,"column":7}},"type":"if","locations":[{"start":{"line":46,"column":6},"end":{"line":48,"column":7}},{"start":{},"end":{}}],"line":46}},"s":{"0":1,"1":1,"2":1,"3":0,"4":0,"5":0,"6":0,"7":0,"8":0,"9":0,"10":0,"11":0,"12":0,"13":0,"14":0,"15":0,"16":0,"17":0,"18":0,"19":0,"20":0,"21":0,"22":0,"23":1},"f":{"0":0},"b":{"0":[0,0],"1":[0,0],"2":[0,0],"3":[0,0],"4":[0,0],"5":[0,0],"6":[0,0],"7":[0,0],"8":[0,0],"9":[0,0]},"_coverageSchema":"1a1c01bbd47fc00a2c39e90264f33305004495a9","hash":"622ba6de177511378861bb763085cd2982ccaa52"}
,"C:\\Users\\DELL\\Desktop\\SPE_Final\\PaymentService\\src\\services\\paymentService.js": {"path":"C:\\Users\\DELL\\Desktop\\SPE_Final\\PaymentService\\src\\services\\paymentService.js","statementMap":{"0":{"start":{"line":1,"column":21},"end":{"line":1,"column":49}},"1":{"start":{"line":2,"column":15},"end":{"line":2,"column":42}},"2":{"start":{"line":3,"column":27},"end":{"line":3,"column":57}},"3":{"start":{"line":7,"column":4},"end":{"line":37,"column":5}},"4":{"start":{"line":8,"column":68},"end":{"line":8,"column":79}},"5":{"start":{"line":11,"column":22},"end":{"line":17,"column":8}},"6":{"start":{"line":19,"column":6},"end":{"line":19,"column":65}},"7":{"start":{"line":22,"column":28},"end":{"line":22,"column":89}},"8":{"start":{"line":24,"column":6},"end":{"line":27,"column":7}},"9":{"start":{"line":25,"column":8},"end":{"line":25,"column":81}},"10":{"start":{"line":26,"column":8},"end":{"line":26,"column":50}},"11":{"start":{"line":30,"column":6},"end":{"line":30,"column":82}},"12":{"start":{"line":31,"column":6},"end":{"line":31,"column":82}},"13":{"start":{"line":33,"column":6},"end":{"line":33,"column":52}},"14":{"start":{"line":35,"column":6},"end":{"line":35,"column":74}},"15":{"start":{"line":36,"column":6},"end":{"line":36,"column":18}},"16":{"start":{"line":42,"column":4},"end":{"line":48,"column":7}},"17":{"start":{"line":43,"column":6},"end":{"line":47,"column":15}},"18":{"start":{"line":45,"column":26},"end":{"line":45,"column":46}},"19":{"start":{"line":46,"column":8},"end":{"line":46,"column":89}},"20":{"start":{"line":52,"column":0},"end":{"line":52,"column":38}}},"fnMap":{"0":{"name":"(anonymous_0)","decl":{"start":{"line":6,"column":2},"end":{"line":6,"column":3}},"loc":{"start":{"line":6,"column":36},"end":{"line":38,"column":3}},"line":6},"1":{"name":"(anonymous_1)","decl":{"start":{"line":40,"column":2},"end":{"line":40,"column":3}},"loc":{"start":{"line":40,"column":58},"end":{"line":49,"column":3}},"line":40},"2":{"name":"(anonymous_2)","decl":{"start":{"line":42,"column":23},"end":{"line":42,"column":24}},"loc":{"start":{"line":42,"column":36},"end":{"line":48,"column":5}},"line":42},"3":{"name":"(anonymous_3)","decl":{"start":{"line":43,"column":17},"end":{"line":43,"column":18}},"loc":{"start":{"line":43,"column":23},"end":{"line":47,"column":7}},"line":43}},"branchMap":{"0":{"loc":{"start":{"line":24,"column":6},"end":{"line":27,"column":7}},"type":"if","locations":[{"start":{"line":24,"column":6},"end":{"line":27,"column":7}},{"start":{},"end":{}}],"line":24}},"s":{"0":1,"1":1,"2":1,"3":0,"4":0,"5":0,"6":0,"7":0,"8":0,"9":0,"10":0,"11":0,"12":0,"13":0,"14":0,"15":0,"16":0,"17":0,"18":0,"19":0,"20":1},"f":{"0":0,"1":0,"2":0,"3":0},"b":{"0":[0,0]},"_coverageSchema":"1a1c01bbd47fc00a2c39e90264f33305004495a9","hash":"61c2c2c5462287afc87bf155245a6d6d89e02b24"}
,"C:\\Users\\DELL\\Desktop\\SPE_Final\\PaymentService\\src\\services\\reconciliation.js": {"path":"C:\\Users\\DELL\\Desktop\\SPE_Final\\PaymentService\\src\\services\\reconciliation.js","statementMap":{"0":{"start":{"line":1,"column":13},"end":{"line":1,"column":42}},"1":{"start":{"line":2,"column":15},"end":{"line":2,"column":42}},"2":{"start":{"line":6,"column":4},"end":{"line":47,"column":5}},"3":{"start":{"line":7,"column":50},"end":{"line":7,"column":57}},"4":{"start":{"line":9,"column":18},"end":{"line":19,"column":7}},"5":{"start":{"line":20,"column":21},"end":{"line":20,"column":23}},"6":{"start":{"line":22,"column":6},"end":{"line":25,"column":7}},"7":{"start":{"line":23,"column":8},"end":{"line":23,"column":60}},"8":{"start":{"line":24,"column":8},"end":{"line":24,"column":31}},"9":{"start":{"line":27,"column":6},"end":{"line":30,"column":7}},"10":{"start":{"line":28,"column":8},"end":{"line":28,"column":60}},"11":{"start":{"line":29,"column":8},"end":{"line":29,"column":29}},"12":{"start":{"line":32,"column":6},"end":{"line":32,"column":103}},"13":{"start":{"line":33,"column":6},"end":{"line":33,"column":25}},"14":{"start":{"line":35,"column":21},"end":{"line":35,"column":52}},"15":{"start":{"line":37,"column":6},"end":{"line":37,"column":103}},"16":{"start":{"line":39,"column":6},"end":{"line":43,"column":8}},"17":{"start":{"line":45,"column":6},"end":{"line":45,"column":88}},"18":{"start":{"line":46,"column":6},"end":{"line":46,"column":18}},"19":{"start":{"line":51,"column":4},"end":{"line":61,"column":6}},"20":{"start":{"line":53,"column":8},"end":{"line":53,"column":53}},"21":{"start":{"line":54,"column":8},"end":{"line":54,"column":62}},"22":{"start":{"line":55,"column":8},"end":{"line":55,"column":51}},"23":{"start":{"line":56,"column":8},"end":{"line":56,"column":43}},"24":{"start":{"line":57,"column":8},"end":{"line":57,"column":41}},"25":{"start":{"line":58,"column":8},"end":{"line":58,"column":19}},"26":{"start":{"line":65,"column":0},"end":{"line":65,"column":45}}},"fnMap":{"0":{"name":"(anonymous_0)","decl":{"start":{"line":5,"column":2},"end":{"line":5,"column":3}},"loc":{"start":{"line":5,"column":32},"end":{"line":48,"column":3}},"line":5},"1":{"name":"(anonymous_1)","decl":{"start":{"line":50,"column":2},"end":{"line":50,"column":3}},"loc":{"start":{"line":50,"column":25},"end":{"line":62,"column":3}},"line":50},"2":{"name":"(anonymous_2)","decl":{"start":{"line":52,"column":6},"end":{"line":52,"column":7}},"loc":{"start":{"line":52,"column":20},"end":{"line":59,"column":7}},"line":52}},"branchMap":{"0":{"loc":{"start":{"line":7,"column":34},"end":{"line":7,"column":45}},"type":"default-arg","locations":[{"start":{"line":7,"column":42},"end":{"line":7,"column":45}}],"line":7},"1":{"loc":{"start":{"line":22,"column":6},"end":{"line":25,"column":7}},"type":"if","locations":[{"start":{"line":22,"column":6},"end":{"line":25,"column":7}},{"start":{},"end":{}}],"line":22},"2":{"loc":{"start":{"line":27,"column":6},"end":{"line":30,"column":7}},"type":"if","locations":[{"start":{"line":27,"column":6},"end":{"line":30,"column":7}},{"start":{},"end":{}}],"line":27},"3":{"loc":{"start":{"line":54,"column":39},"end":{"line":54,"column":60}},"type":"binary-expr","locations":[{"start":{"line":54,"column":39},"end":{"line":54,"column":55}},{"start":{"line":54,"column":59},"end":{"line":54,"column":60}}],"line":54}},"s":{"0":1,"1":1,"2":0,"3":0,"4":0,"5":0,"6":0,"7":0,"8":0,"9":0,"10":0,"11":0,"12":0,"13":0,"14":0,"15":0,"16":0,"17":0,"18":0,"19":0,"20":0,"21":0,"22":0,"23":0,"24":0,"25":0,"26":1},"f":{"0":0,"1":0,"2":0},"b":{"0":[0],"1":[0,0],"2":[0,0],"3":[0,0]},"_coverageSchema":"1a1c01bbd47fc00a2c39e90264f33305004495a9","hash":"bd1b062f42a7ff66de9384e08c47203173d77c04"}
}
